2017-12-18 12:57:07,431 - ************************************************************** 
2017-12-18 12:57:07,431 - Starting Jakarta Velocity v1.4
2017-12-18 12:57:07,432 - RuntimeInstance initializing.
2017-12-18 12:57:07,432 - Default Properties File: org\apache\velocity\runtime\defaults\velocity.properties
2017-12-18 12:57:07,432 - Trying to use logger class org.apache.velocity.runtime.log.SimpleLog4JLogSystem
2017-12-18 12:57:07,432 - Using logger class org.apache.velocity.runtime.log.SimpleLog4JLogSystem
2017-12-18 12:57:07,437 - Default ResourceManager initializing. (class org.apache.velocity.runtime.resource.ResourceManagerImpl)
2017-12-18 12:57:07,439 - Resource Loader Instantiated: org.apache.velocity.runtime.resource.loader.ClasspathResourceLoader
2017-12-18 12:57:07,439 - ClasspathResourceLoader : initialization starting.
2017-12-18 12:57:07,439 - ClasspathResourceLoader : initialization complete.
2017-12-18 12:57:07,440 - ResourceCache : initialized. (class org.apache.velocity.runtime.resource.ResourceCacheImpl)
2017-12-18 12:57:07,440 - Default ResourceManager initialization complete.
2017-12-18 12:57:07,443 - Loaded System Directive: org.apache.velocity.runtime.directive.Literal
2017-12-18 12:57:07,444 - Loaded System Directive: org.apache.velocity.runtime.directive.Macro
2017-12-18 12:57:07,446 - Loaded System Directive: org.apache.velocity.runtime.directive.Parse
2017-12-18 12:57:07,448 - Loaded System Directive: org.apache.velocity.runtime.directive.Include
2017-12-18 12:57:07,449 - Loaded System Directive: org.apache.velocity.runtime.directive.Foreach
2017-12-18 12:57:07,469 - Created: 20 parsers.
2017-12-18 12:57:07,476 - Velocimacro : initialization starting.
2017-12-18 12:57:07,476 - Velocimacro : adding VMs from VM library template : VM_global_library.vm
2017-12-18 12:57:07,484 - ResourceManager : unable to find resource 'VM_global_library.vm' in any resource loader.
2017-12-18 12:57:07,484 - Velocimacro : error using  VM library template VM_global_library.vm : org.apache.velocity.exception.ResourceNotFoundException: Unable to find resource 'VM_global_library.vm'
2017-12-18 12:57:07,484 - Velocimacro :  VM library template macro registration complete.
2017-12-18 12:57:07,484 - Velocimacro : allowInline = true : VMs can be defined inline in templates
2017-12-18 12:57:07,484 - Velocimacro : allowInlineToOverride = false : VMs defined inline may NOT replace previous VM definitions
2017-12-18 12:57:07,484 - Velocimacro : allowInlineLocal = false : VMs defined inline will be  global in scope if allowed.
2017-12-18 12:57:07,484 - Velocimacro : messages on  : VM system will output logging messages
2017-12-18 12:57:07,484 - Velocimacro : autoload off  : VM system will not automatically reload global library macros
2017-12-18 12:57:07,484 - Velocimacro : initialization complete.
2017-12-18 12:57:07,484 - Velocity successfully started.
2017-12-18 13:01:53,438 - SimpleLog4JLogSystem initialized using logfile 'velocity.log'
2017-12-18 13:01:53,438 - ************************************************************** 
2017-12-18 13:01:53,438 - Starting Jakarta Velocity v1.4
2017-12-18 13:01:53,438 - RuntimeInstance initializing.
2017-12-18 13:01:53,438 - Default Properties File: org\apache\velocity\runtime\defaults\velocity.properties
2017-12-18 13:01:53,438 - Trying to use logger class org.apache.velocity.runtime.log.SimpleLog4JLogSystem
2017-12-18 13:01:53,438 - Using logger class org.apache.velocity.runtime.log.SimpleLog4JLogSystem
2017-12-18 13:01:53,438 - Default ResourceManager initializing. (class org.apache.velocity.runtime.resource.ResourceManagerImpl)
2017-12-18 13:01:53,438 - Resource Loader Instantiated: org.apache.velocity.runtime.resource.loader.ClasspathResourceLoader
2017-12-18 13:01:53,438 - ClasspathResourceLoader : initialization starting.
2017-12-18 13:01:53,438 - ClasspathResourceLoader : initialization complete.
2017-12-18 13:01:53,438 - ResourceCache : initialized. (class org.apache.velocity.runtime.resource.ResourceCacheImpl)
2017-12-18 13:01:53,438 - Default ResourceManager initialization complete.
2017-12-18 13:01:53,438 - Loaded System Directive: org.apache.velocity.runtime.directive.Literal
2017-12-18 13:01:53,438 - Loaded System Directive: org.apache.velocity.runtime.directive.Macro
2017-12-18 13:01:53,454 - Loaded System Directive: org.apache.velocity.runtime.directive.Parse
2017-12-18 13:01:53,454 - Loaded System Directive: org.apache.velocity.runtime.directive.Include
2017-12-18 13:01:53,454 - Loaded System Directive: org.apache.velocity.runtime.directive.Foreach
2017-12-18 13:01:53,470 - Created: 20 parsers.
2017-12-18 13:01:53,470 - Velocimacro : initialization starting.
2017-12-18 13:01:53,470 - Velocimacro : adding VMs from VM library template : VM_global_library.vm
2017-12-18 13:01:53,485 - ResourceManager : unable to find resource 'VM_global_library.vm' in any resource loader.
2017-12-18 13:01:53,485 - Velocimacro : error using  VM library template VM_global_library.vm : org.apache.velocity.exception.ResourceNotFoundException: Unable to find resource 'VM_global_library.vm'
2017-12-18 13:01:53,485 - Velocimacro :  VM library template macro registration complete.
2017-12-18 13:01:53,485 - Velocimacro : allowInline = true : VMs can be defined inline in templates
2017-12-18 13:01:53,485 - Velocimacro : allowInlineToOverride = false : VMs defined inline may NOT replace previous VM definitions
2017-12-18 13:01:53,485 - Velocimacro : allowInlineLocal = false : VMs defined inline will be  global in scope if allowed.
2017-12-18 13:01:53,485 - Velocimacro : messages on  : VM system will output logging messages
2017-12-18 13:01:53,485 - Velocimacro : autoload off  : VM system will not automatically reload global library macros
2017-12-18 13:01:53,485 - Velocimacro : initialization complete.
2017-12-18 13:01:53,485 - Velocity successfully started.
2017-12-18 13:11:14,973 - SimpleLog4JLogSystem initialized using logfile 'velocity.log'
2017-12-18 13:11:14,973 - ************************************************************** 
2017-12-18 13:11:14,973 - Starting Jakarta Velocity v1.4
2017-12-18 13:11:14,973 - RuntimeInstance initializing.
2017-12-18 13:11:14,973 - Default Properties File: org\apache\velocity\runtime\defaults\velocity.properties
2017-12-18 13:11:14,973 - Trying to use logger class org.apache.velocity.runtime.log.SimpleLog4JLogSystem
2017-12-18 13:11:14,973 - Using logger class org.apache.velocity.runtime.log.SimpleLog4JLogSystem
2017-12-18 13:11:14,973 - Default ResourceManager initializing. (class org.apache.velocity.runtime.resource.ResourceManagerImpl)
2017-12-18 13:11:14,973 - Resource Loader Instantiated: org.apache.velocity.runtime.resource.loader.ClasspathResourceLoader
2017-12-18 13:11:14,973 - ClasspathResourceLoader : initialization starting.
2017-12-18 13:11:14,973 - ClasspathResourceLoader : initialization complete.
2017-12-18 13:11:14,973 - ResourceCache : initialized. (class org.apache.velocity.runtime.resource.ResourceCacheImpl)
2017-12-18 13:11:14,973 - Default ResourceManager initialization complete.
2017-12-18 13:11:14,988 - Loaded System Directive: org.apache.velocity.runtime.directive.Literal
2017-12-18 13:11:14,988 - Loaded System Directive: org.apache.velocity.runtime.directive.Macro
2017-12-18 13:11:14,988 - Loaded System Directive: org.apache.velocity.runtime.directive.Parse
2017-12-18 13:11:14,988 - Loaded System Directive: org.apache.velocity.runtime.directive.Include
2017-12-18 13:11:14,988 - Loaded System Directive: org.apache.velocity.runtime.directive.Foreach
2017-12-18 13:11:15,004 - Created: 20 parsers.
2017-12-18 13:11:15,020 - Velocimacro : initialization starting.
2017-12-18 13:11:15,020 - Velocimacro : adding VMs from VM library template : VM_global_library.vm
2017-12-18 13:11:15,020 - ResourceManager : unable to find resource 'VM_global_library.vm' in any resource loader.
2017-12-18 13:11:15,020 - Velocimacro : error using  VM library template VM_global_library.vm : org.apache.velocity.exception.ResourceNotFoundException: Unable to find resource 'VM_global_library.vm'
2017-12-18 13:11:15,020 - Velocimacro :  VM library template macro registration complete.
2017-12-18 13:11:15,020 - Velocimacro : allowInline = true : VMs can be defined inline in templates
2017-12-18 13:11:15,020 - Velocimacro : allowInlineToOverride = false : VMs defined inline may NOT replace previous VM definitions
2017-12-18 13:11:15,020 - Velocimacro : allowInlineLocal = false : VMs defined inline will be  global in scope if allowed.
2017-12-18 13:11:15,020 - Velocimacro : messages on  : VM system will output logging messages
2017-12-18 13:11:15,020 - Velocimacro : autoload off  : VM system will not automatically reload global library macros
2017-12-18 13:11:15,020 - Velocimacro : initialization complete.
2017-12-18 13:11:15,020 - Velocity successfully started.
2017-12-18 13:51:17,294 - SimpleLog4JLogSystem initialized using logfile 'velocity.log'
2017-12-18 13:51:17,294 - ************************************************************** 
2017-12-18 13:51:17,294 - Starting Jakarta Velocity v1.4
2017-12-18 13:51:17,294 - RuntimeInstance initializing.
2017-12-18 13:51:17,294 - Default Properties File: org\apache\velocity\runtime\defaults\velocity.properties
2017-12-18 13:51:17,294 - Trying to use logger class org.apache.velocity.runtime.log.SimpleLog4JLogSystem
2017-12-18 13:51:17,294 - Using logger class org.apache.velocity.runtime.log.SimpleLog4JLogSystem
2017-12-18 13:51:17,296 - Default ResourceManager initializing. (class org.apache.velocity.runtime.resource.ResourceManagerImpl)
2017-12-18 13:51:17,298 - Resource Loader Instantiated: org.apache.velocity.runtime.resource.loader.ClasspathResourceLoader
2017-12-18 13:51:17,298 - ClasspathResourceLoader : initialization starting.
2017-12-18 13:51:17,298 - ClasspathResourceLoader : initialization complete.
2017-12-18 13:51:17,299 - ResourceCache : initialized. (class org.apache.velocity.runtime.resource.ResourceCacheImpl)
2017-12-18 13:51:17,299 - Default ResourceManager initialization complete.
2017-12-18 13:51:17,302 - Loaded System Directive: org.apache.velocity.runtime.directive.Literal
2017-12-18 13:51:17,303 - Loaded System Directive: org.apache.velocity.runtime.directive.Macro
2017-12-18 13:51:17,305 - Loaded System Directive: org.apache.velocity.runtime.directive.Parse
2017-12-18 13:51:17,306 - Loaded System Directive: org.apache.velocity.runtime.directive.Include
2017-12-18 13:51:17,307 - Loaded System Directive: org.apache.velocity.runtime.directive.Foreach
2017-12-18 13:51:17,324 - Created: 20 parsers.
2017-12-18 13:51:17,329 - Velocimacro : initialization starting.
2017-12-18 13:51:17,329 - Velocimacro : adding VMs from VM library template : VM_global_library.vm
2017-12-18 13:51:17,337 - ResourceManager : unable to find resource 'VM_global_library.vm' in any resource loader.
2017-12-18 13:51:17,337 - Velocimacro : error using  VM library template VM_global_library.vm : org.apache.velocity.exception.ResourceNotFoundException: Unable to find resource 'VM_global_library.vm'
2017-12-18 13:51:17,337 - Velocimacro :  VM library template macro registration complete.
2017-12-18 13:51:17,337 - Velocimacro : allowInline = true : VMs can be defined inline in templates
2017-12-18 13:51:17,337 - Velocimacro : allowInlineToOverride = false : VMs defined inline may NOT replace previous VM definitions
2017-12-18 13:51:17,337 - Velocimacro : allowInlineLocal = false : VMs defined inline will be  global in scope if allowed.
2017-12-18 13:51:17,337 - Velocimacro : messages on  : VM system will output logging messages
2017-12-18 13:51:17,337 - Velocimacro : autoload off  : VM system will not automatically reload global library macros
2017-12-18 13:51:17,337 - Velocimacro : initialization complete.
2017-12-18 13:51:17,337 - Velocity successfully started.
2018-01-04 11:23:07,754 - SimpleLog4JLogSystem initialized using logfile 'velocity.log'
2018-01-04 11:23:07,755 - ************************************************************** 
2018-01-04 11:23:07,755 - Starting Jakarta Velocity v1.4
2018-01-04 11:23:07,755 - RuntimeInstance initializing.
2018-01-04 11:23:07,755 - Default Properties File: org\apache\velocity\runtime\defaults\velocity.properties
2018-01-04 11:23:07,755 - Trying to use logger class org.apache.velocity.runtime.log.SimpleLog4JLogSystem
2018-01-04 11:23:07,755 - Using logger class org.apache.velocity.runtime.log.SimpleLog4JLogSystem
2018-01-04 11:23:07,759 - Default ResourceManager initializing. (class org.apache.velocity.runtime.resource.ResourceManagerImpl)
2018-01-04 11:23:07,762 - Resource Loader Instantiated: org.apache.velocity.runtime.resource.loader.ClasspathResourceLoader
2018-01-04 11:23:07,762 - ClasspathResourceLoader : initialization starting.
2018-01-04 11:23:07,762 - ClasspathResourceLoader : initialization complete.
2018-01-04 11:23:07,764 - ResourceCache : initialized. (class org.apache.velocity.runtime.resource.ResourceCacheImpl)
2018-01-04 11:23:07,764 - Default ResourceManager initialization complete.
2018-01-04 11:23:07,768 - Loaded System Directive: org.apache.velocity.runtime.directive.Literal
2018-01-04 11:23:07,770 - Loaded System Directive: org.apache.velocity.runtime.directive.Macro
2018-01-04 11:23:07,774 - Loaded System Directive: org.apache.velocity.runtime.directive.Parse
2018-01-04 11:23:07,776 - Loaded System Directive: org.apache.velocity.runtime.directive.Include
2018-01-04 11:23:07,777 - Loaded System Directive: org.apache.velocity.runtime.directive.Foreach
2018-01-04 11:23:07,800 - Created: 20 parsers.
2018-01-04 11:23:07,812 - Velocimacro : initialization starting.
2018-01-04 11:23:07,812 - Velocimacro : adding VMs from VM library template : VM_global_library.vm
2018-01-04 11:23:07,824 - ResourceManager : unable to find resource 'VM_global_library.vm' in any resource loader.
2018-01-04 11:23:07,824 - Velocimacro : error using  VM library template VM_global_library.vm : org.apache.velocity.exception.ResourceNotFoundException: Unable to find resource 'VM_global_library.vm'
2018-01-04 11:23:07,824 - Velocimacro :  VM library template macro registration complete.
2018-01-04 11:23:07,824 - Velocimacro : allowInline = true : VMs can be defined inline in templates
2018-01-04 11:23:07,824 - Velocimacro : allowInlineToOverride = false : VMs defined inline may NOT replace previous VM definitions
2018-01-04 11:23:07,824 - Velocimacro : allowInlineLocal = false : VMs defined inline will be  global in scope if allowed.
2018-01-04 11:23:07,824 - Velocimacro : messages on  : VM system will output logging messages
2018-01-04 11:23:07,824 - Velocimacro : autoload off  : VM system will not automatically reload global library macros
2018-01-04 11:23:07,824 - Velocimacro : initialization complete.
2018-01-04 11:23:07,824 - Velocity successfully started.
2018-01-04 11:25:47,569 - SimpleLog4JLogSystem initialized using logfile 'velocity.log'
2018-01-04 11:25:47,570 - ************************************************************** 
2018-01-04 11:25:47,570 - Starting Jakarta Velocity v1.4
2018-01-04 11:25:47,570 - RuntimeInstance initializing.
2018-01-04 11:25:47,570 - Default Properties File: org\apache\velocity\runtime\defaults\velocity.properties
2018-01-04 11:25:47,570 - Trying to use logger class org.apache.velocity.runtime.log.SimpleLog4JLogSystem
2018-01-04 11:25:47,570 - Using logger class org.apache.velocity.runtime.log.SimpleLog4JLogSystem
2018-01-04 11:25:47,577 - Default ResourceManager initializing. (class org.apache.velocity.runtime.resource.ResourceManagerImpl)
2018-01-04 11:25:47,584 - Resource Loader Instantiated: org.apache.velocity.runtime.resource.loader.ClasspathResourceLoader
2018-01-04 11:25:47,584 - ClasspathResourceLoader : initialization starting.
2018-01-04 11:25:47,584 - ClasspathResourceLoader : initialization complete.
2018-01-04 11:25:47,589 - ResourceCache : initialized. (class org.apache.velocity.runtime.resource.ResourceCacheImpl)
2018-01-04 11:25:47,589 - Default ResourceManager initialization complete.
2018-01-04 11:25:47,598 - Loaded System Directive: org.apache.velocity.runtime.directive.Literal
2018-01-04 11:25:47,603 - Loaded System Directive: org.apache.velocity.runtime.directive.Macro
2018-01-04 11:25:47,611 - Loaded System Directive: org.apache.velocity.runtime.directive.Parse
2018-01-04 11:25:47,617 - Loaded System Directive: org.apache.velocity.runtime.directive.Include
2018-01-04 11:25:47,619 - Loaded System Directive: org.apache.velocity.runtime.directive.Foreach
2018-01-04 11:25:47,680 - Created: 20 parsers.
2018-01-04 11:25:47,691 - Velocimacro : initialization starting.
2018-01-04 11:25:47,691 - Velocimacro : adding VMs from VM library template : VM_global_library.vm
2018-01-04 11:25:47,713 - ResourceManager : unable to find resource 'VM_global_library.vm' in any resource loader.
2018-01-04 11:25:47,713 - Velocimacro : error using  VM library template VM_global_library.vm : org.apache.velocity.exception.ResourceNotFoundException: Unable to find resource 'VM_global_library.vm'
2018-01-04 11:25:47,713 - Velocimacro :  VM library template macro registration complete.
2018-01-04 11:25:47,714 - Velocimacro : allowInline = true : VMs can be defined inline in templates
2018-01-04 11:25:47,714 - Velocimacro : allowInlineToOverride = false : VMs defined inline may NOT replace previous VM definitions
2018-01-04 11:25:47,714 - Velocimacro : allowInlineLocal = false : VMs defined inline will be  global in scope if allowed.
2018-01-04 11:25:47,714 - Velocimacro : messages on  : VM system will output logging messages
2018-01-04 11:25:47,714 - Velocimacro : autoload off  : VM system will not automatically reload global library macros
2018-01-04 11:25:47,714 - Velocimacro : initialization complete.
2018-01-04 11:25:47,714 - Velocity successfully started.
2018-01-04 11:41:51,972 - SimpleLog4JLogSystem initialized using logfile 'velocity.log'
2018-01-04 11:41:51,972 - ************************************************************** 
2018-01-04 11:41:51,973 - Starting Jakarta Velocity v1.4
2018-01-04 11:41:51,973 - RuntimeInstance initializing.
2018-01-04 11:41:51,973 - Default Properties File: org\apache\velocity\runtime\defaults\velocity.properties
2018-01-04 11:41:51,973 - Trying to use logger class org.apache.velocity.runtime.log.SimpleLog4JLogSystem
2018-01-04 11:41:51,973 - Using logger class org.apache.velocity.runtime.log.SimpleLog4JLogSystem
2018-01-04 11:41:51,979 - Default ResourceManager initializing. (class org.apache.velocity.runtime.resource.ResourceManagerImpl)
2018-01-04 11:41:51,985 - Resource Loader Instantiated: org.apache.velocity.runtime.resource.loader.ClasspathResourceLoader
2018-01-04 11:41:51,986 - ClasspathResourceLoader : initialization starting.
2018-01-04 11:41:51,986 - ClasspathResourceLoader : initialization complete.
2018-01-04 11:41:51,989 - ResourceCache : initialized. (class org.apache.velocity.runtime.resource.ResourceCacheImpl)
2018-01-04 11:41:51,989 - Default ResourceManager initialization complete.
2018-01-04 11:41:51,997 - Loaded System Directive: org.apache.velocity.runtime.directive.Literal
2018-01-04 11:41:52,001 - Loaded System Directive: org.apache.velocity.runtime.directive.Macro
2018-01-04 11:41:52,008 - Loaded System Directive: org.apache.velocity.runtime.directive.Parse
2018-01-04 11:41:52,013 - Loaded System Directive: org.apache.velocity.runtime.directive.Include
2018-01-04 11:41:52,015 - Loaded System Directive: org.apache.velocity.runtime.directive.Foreach
2018-01-04 11:41:52,078 - Created: 20 parsers.
2018-01-04 11:41:52,095 - Velocimacro : initialization starting.
2018-01-04 11:41:52,095 - Velocimacro : adding VMs from VM library template : VM_global_library.vm
2018-01-04 11:41:52,114 - ResourceManager : unable to find resource 'VM_global_library.vm' in any resource loader.
2018-01-04 11:41:52,114 - Velocimacro : error using  VM library template VM_global_library.vm : org.apache.velocity.exception.ResourceNotFoundException: Unable to find resource 'VM_global_library.vm'
2018-01-04 11:41:52,115 - Velocimacro :  VM library template macro registration complete.
2018-01-04 11:41:52,115 - Velocimacro : allowInline = true : VMs can be defined inline in templates
2018-01-04 11:41:52,115 - Velocimacro : allowInlineToOverride = false : VMs defined inline may NOT replace previous VM definitions
2018-01-04 11:41:52,115 - Velocimacro : allowInlineLocal = false : VMs defined inline will be  global in scope if allowed.
2018-01-04 11:41:52,115 - Velocimacro : messages on  : VM system will output logging messages
2018-01-04 11:41:52,115 - Velocimacro : autoload off  : VM system will not automatically reload global library macros
2018-01-04 11:41:52,115 - Velocimacro : initialization complete.
2018-01-04 11:41:52,115 - Velocity successfully started.
2018-01-04 11:42:55,841 - SimpleLog4JLogSystem initialized using logfile 'velocity.log'
2018-01-04 11:42:55,842 - ************************************************************** 
2018-01-04 11:42:55,842 - Starting Jakarta Velocity v1.4
2018-01-04 11:42:55,842 - RuntimeInstance initializing.
2018-01-04 11:42:55,842 - Default Properties File: org\apache\velocity\runtime\defaults\velocity.properties
2018-01-04 11:42:55,842 - Trying to use logger class org.apache.velocity.runtime.log.SimpleLog4JLogSystem
2018-01-04 11:42:55,842 - Using logger class org.apache.velocity.runtime.log.SimpleLog4JLogSystem
2018-01-04 11:42:55,856 - Default ResourceManager initializing. (class org.apache.velocity.runtime.resource.ResourceManagerImpl)
2018-01-04 11:42:55,866 - Resource Loader Instantiated: org.apache.velocity.runtime.resource.loader.ClasspathResourceLoader
2018-01-04 11:42:55,866 - ClasspathResourceLoader : initialization starting.
2018-01-04 11:42:55,866 - ClasspathResourceLoader : initialization complete.
2018-01-04 11:42:55,872 - ResourceCache : initialized. (class org.apache.velocity.runtime.resource.ResourceCacheImpl)
2018-01-04 11:42:55,872 - Default ResourceManager initialization complete.
2018-01-04 11:42:55,882 - Loaded System Directive: org.apache.velocity.runtime.directive.Literal
2018-01-04 11:42:55,888 - Loaded System Directive: org.apache.velocity.runtime.directive.Macro
2018-01-04 11:42:55,898 - Loaded System Directive: org.apache.velocity.runtime.directive.Parse
2018-01-04 11:42:55,905 - Loaded System Directive: org.apache.velocity.runtime.directive.Include
2018-01-04 11:42:55,908 - Loaded System Directive: org.apache.velocity.runtime.directive.Foreach
2018-01-04 11:42:56,017 - Created: 20 parsers.
2018-01-04 11:42:56,057 - Velocimacro : initialization starting.
2018-01-04 11:42:56,057 - Velocimacro : adding VMs from VM library template : VM_global_library.vm
2018-01-04 11:42:56,094 - ResourceManager : unable to find resource 'VM_global_library.vm' in any resource loader.
2018-01-04 11:42:56,094 - Velocimacro : error using  VM library template VM_global_library.vm : org.apache.velocity.exception.ResourceNotFoundException: Unable to find resource 'VM_global_library.vm'
2018-01-04 11:42:56,094 - Velocimacro :  VM library template macro registration complete.
2018-01-04 11:42:56,094 - Velocimacro : allowInline = true : VMs can be defined inline in templates
2018-01-04 11:42:56,094 - Velocimacro : allowInlineToOverride = false : VMs defined inline may NOT replace previous VM definitions
2018-01-04 11:42:56,094 - Velocimacro : allowInlineLocal = false : VMs defined inline will be  global in scope if allowed.
2018-01-04 11:42:56,095 - Velocimacro : messages on  : VM system will output logging messages
2018-01-04 11:42:56,095 - Velocimacro : autoload off  : VM system will not automatically reload global library macros
2018-01-04 11:42:56,095 - Velocimacro : initialization complete.
2018-01-04 11:42:56,095 - Velocity successfully started.
2018-01-04 11:44:05,018 - SimpleLog4JLogSystem initialized using logfile 'velocity.log'
2018-01-04 11:44:05,019 - ************************************************************** 
2018-01-04 11:44:05,020 - Starting Jakarta Velocity v1.4
2018-01-04 11:44:05,020 - RuntimeInstance initializing.
2018-01-04 11:44:05,020 - Default Properties File: org\apache\velocity\runtime\defaults\velocity.properties
2018-01-04 11:44:05,020 - Trying to use logger class org.apache.velocity.runtime.log.SimpleLog4JLogSystem
2018-01-04 11:44:05,020 - Using logger class org.apache.velocity.runtime.log.SimpleLog4JLogSystem
2018-01-04 11:44:05,037 - Default ResourceManager initializing. (class org.apache.velocity.runtime.resource.ResourceManagerImpl)
2018-01-04 11:44:05,052 - Resource Loader Instantiated: org.apache.velocity.runtime.resource.loader.ClasspathResourceLoader
2018-01-04 11:44:05,052 - ClasspathResourceLoader : initialization starting.
2018-01-04 11:44:05,053 - ClasspathResourceLoader : initialization complete.
2018-01-04 11:44:05,061 - ResourceCache : initialized. (class org.apache.velocity.runtime.resource.ResourceCacheImpl)
2018-01-04 11:44:05,061 - Default ResourceManager initialization complete.
2018-01-04 11:44:05,073 - Loaded System Directive: org.apache.velocity.runtime.directive.Literal
2018-01-04 11:44:05,082 - Loaded System Directive: org.apache.velocity.runtime.directive.Macro
2018-01-04 11:44:05,092 - Loaded System Directive: org.apache.velocity.runtime.directive.Parse
2018-01-04 11:44:05,103 - Loaded System Directive: org.apache.velocity.runtime.directive.Include
2018-01-04 11:44:05,109 - Loaded System Directive: org.apache.velocity.runtime.directive.Foreach
2018-01-04 11:44:05,227 - Created: 20 parsers.
2018-01-04 11:44:05,265 - Velocimacro : initialization starting.
2018-01-04 11:44:05,266 - Velocimacro : adding VMs from VM library template : VM_global_library.vm
2018-01-04 11:44:05,290 - ResourceManager : unable to find resource 'VM_global_library.vm' in any resource loader.
2018-01-04 11:44:05,290 - Velocimacro : error using  VM library template VM_global_library.vm : org.apache.velocity.exception.ResourceNotFoundException: Unable to find resource 'VM_global_library.vm'
2018-01-04 11:44:05,290 - Velocimacro :  VM library template macro registration complete.
2018-01-04 11:44:05,290 - Velocimacro : allowInline = true : VMs can be defined inline in templates
2018-01-04 11:44:05,290 - Velocimacro : allowInlineToOverride = false : VMs defined inline may NOT replace previous VM definitions
2018-01-04 11:44:05,291 - Velocimacro : allowInlineLocal = false : VMs defined inline will be  global in scope if allowed.
2018-01-04 11:44:05,291 - Velocimacro : messages on  : VM system will output logging messages
2018-01-04 11:44:05,291 - Velocimacro : autoload off  : VM system will not automatically reload global library macros
2018-01-04 11:44:05,291 - Velocimacro : initialization complete.
2018-01-04 11:44:05,291 - Velocity successfully started.
2018-01-04 12:44:33,459 - SimpleLog4JLogSystem initialized using logfile 'velocity.log'
2018-01-04 12:44:33,460 - ************************************************************** 
2018-01-04 12:44:33,460 - Starting Jakarta Velocity v1.4
2018-01-04 12:44:33,460 - RuntimeInstance initializing.
2018-01-04 12:44:33,460 - Default Properties File: org\apache\velocity\runtime\defaults\velocity.properties
2018-01-04 12:44:33,461 - Trying to use logger class org.apache.velocity.runtime.log.SimpleLog4JLogSystem
2018-01-04 12:44:33,461 - Using logger class org.apache.velocity.runtime.log.SimpleLog4JLogSystem
2018-01-04 12:44:33,468 - Default ResourceManager initializing. (class org.apache.velocity.runtime.resource.ResourceManagerImpl)
2018-01-04 12:44:33,475 - Resource Loader Instantiated: org.apache.velocity.runtime.resource.loader.ClasspathResourceLoader
2018-01-04 12:44:33,475 - ClasspathResourceLoader : initialization starting.
2018-01-04 12:44:33,476 - ClasspathResourceLoader : initialization complete.
2018-01-04 12:44:33,480 - ResourceCache : initialized. (class org.apache.velocity.runtime.resource.ResourceCacheImpl)
2018-01-04 12:44:33,480 - Default ResourceManager initialization complete.
2018-01-04 12:44:33,488 - Loaded System Directive: org.apache.velocity.runtime.directive.Literal
2018-01-04 12:44:33,493 - Loaded System Directive: org.apache.velocity.runtime.directive.Macro
2018-01-04 12:44:33,500 - Loaded System Directive: org.apache.velocity.runtime.directive.Parse
2018-01-04 12:44:33,505 - Loaded System Directive: org.apache.velocity.runtime.directive.Include
2018-01-04 12:44:33,507 - Loaded System Directive: org.apache.velocity.runtime.directive.Foreach
2018-01-04 12:44:33,574 - Created: 20 parsers.
2018-01-04 12:44:33,594 - Velocimacro : initialization starting.
2018-01-04 12:44:33,594 - Velocimacro : adding VMs from VM library template : VM_global_library.vm
2018-01-04 12:44:33,623 - ResourceManager : unable to find resource 'VM_global_library.vm' in any resource loader.
2018-01-04 12:44:33,623 - Velocimacro : error using  VM library template VM_global_library.vm : org.apache.velocity.exception.ResourceNotFoundException: Unable to find resource 'VM_global_library.vm'
2018-01-04 12:44:33,623 - Velocimacro :  VM library template macro registration complete.
2018-01-04 12:44:33,623 - Velocimacro : allowInline = true : VMs can be defined inline in templates
2018-01-04 12:44:33,623 - Velocimacro : allowInlineToOverride = false : VMs defined inline may NOT replace previous VM definitions
2018-01-04 12:44:33,624 - Velocimacro : allowInlineLocal = false : VMs defined inline will be  global in scope if allowed.
2018-01-04 12:44:33,624 - Velocimacro : messages on  : VM system will output logging messages
2018-01-04 12:44:33,624 - Velocimacro : autoload off  : VM system will not automatically reload global library macros
2018-01-04 12:44:33,624 - Velocimacro : initialization complete.
2018-01-04 12:44:33,624 - Velocity successfully started.
2018-01-10 15:08:30,176 - SimpleLog4JLogSystem initialized using logfile 'velocity.log'
2018-01-10 15:08:30,177 - ************************************************************** 
2018-01-10 15:08:30,177 - Starting Jakarta Velocity v1.4
2018-01-10 15:08:30,177 - RuntimeInstance initializing.
2018-01-10 15:08:30,177 - Default Properties File: org\apache\velocity\runtime\defaults\velocity.properties
2018-01-10 15:08:30,177 - Trying to use logger class org.apache.velocity.runtime.log.SimpleLog4JLogSystem
2018-01-10 15:08:30,177 - Using logger class org.apache.velocity.runtime.log.SimpleLog4JLogSystem
2018-01-10 15:08:30,183 - Default ResourceManager initializing. (class org.apache.velocity.runtime.resource.ResourceManagerImpl)
2018-01-10 15:08:30,189 - Resource Loader Instantiated: org.apache.velocity.runtime.resource.loader.ClasspathResourceLoader
2018-01-10 15:08:30,189 - ClasspathResourceLoader : initialization starting.
2018-01-10 15:08:30,189 - ClasspathResourceLoader : initialization complete.
2018-01-10 15:08:30,192 - ResourceCache : initialized. (class org.apache.velocity.runtime.resource.ResourceCacheImpl)
2018-01-10 15:08:30,193 - Default ResourceManager initialization complete.
2018-01-10 15:08:30,199 - Loaded System Directive: org.apache.velocity.runtime.directive.Literal
2018-01-10 15:08:30,204 - Loaded System Directive: org.apache.velocity.runtime.directive.Macro
2018-01-10 15:08:30,209 - Loaded System Directive: org.apache.velocity.runtime.directive.Parse
2018-01-10 15:08:30,213 - Loaded System Directive: org.apache.velocity.runtime.directive.Include
2018-01-10 15:08:30,215 - Loaded System Directive: org.apache.velocity.runtime.directive.Foreach
2018-01-10 15:08:30,282 - Created: 20 parsers.
2018-01-10 15:08:30,295 - Velocimacro : initialization starting.
2018-01-10 15:08:30,296 - Velocimacro : adding VMs from VM library template : VM_global_library.vm
2018-01-10 15:08:30,321 - ResourceManager : unable to find resource 'VM_global_library.vm' in any resource loader.
2018-01-10 15:08:30,321 - Velocimacro : error using  VM library template VM_global_library.vm : org.apache.velocity.exception.ResourceNotFoundException: Unable to find resource 'VM_global_library.vm'
2018-01-10 15:08:30,321 - Velocimacro :  VM library template macro registration complete.
2018-01-10 15:08:30,321 - Velocimacro : allowInline = true : VMs can be defined inline in templates
2018-01-10 15:08:30,321 - Velocimacro : allowInlineToOverride = false : VMs defined inline may NOT replace previous VM definitions
2018-01-10 15:08:30,321 - Velocimacro : allowInlineLocal = false : VMs defined inline will be  global in scope if allowed.
2018-01-10 15:08:30,322 - Velocimacro : messages on  : VM system will output logging messages
2018-01-10 15:08:30,322 - Velocimacro : autoload off  : VM system will not automatically reload global library macros
2018-01-10 15:08:30,322 - Velocimacro : initialization complete.
2018-01-10 15:08:30,322 - Velocity successfully started.
2018-01-10 15:10:33,461 - SimpleLog4JLogSystem initialized using logfile 'velocity.log'
2018-01-10 15:10:33,462 - ************************************************************** 
2018-01-10 15:10:33,462 - Starting Jakarta Velocity v1.4
2018-01-10 15:10:33,462 - RuntimeInstance initializing.
2018-01-10 15:10:33,462 - Default Properties File: org\apache\velocity\runtime\defaults\velocity.properties
2018-01-10 15:10:33,462 - Trying to use logger class org.apache.velocity.runtime.log.SimpleLog4JLogSystem
2018-01-10 15:10:33,462 - Using logger class org.apache.velocity.runtime.log.SimpleLog4JLogSystem
2018-01-10 15:10:33,470 - Default ResourceManager initializing. (class org.apache.velocity.runtime.resource.ResourceManagerImpl)
2018-01-10 15:10:33,477 - Resource Loader Instantiated: org.apache.velocity.runtime.resource.loader.ClasspathResourceLoader
2018-01-10 15:10:33,477 - ClasspathResourceLoader : initialization starting.
2018-01-10 15:10:33,477 - ClasspathResourceLoader : initialization complete.
2018-01-10 15:10:33,480 - ResourceCache : initialized. (class org.apache.velocity.runtime.resource.ResourceCacheImpl)
2018-01-10 15:10:33,480 - Default ResourceManager initialization complete.
2018-01-10 15:10:33,487 - Loaded System Directive: org.apache.velocity.runtime.directive.Literal
2018-01-10 15:10:33,491 - Loaded System Directive: org.apache.velocity.runtime.directive.Macro
2018-01-10 15:10:33,497 - Loaded System Directive: org.apache.velocity.runtime.directive.Parse
2018-01-10 15:10:33,501 - Loaded System Directive: org.apache.velocity.runtime.directive.Include
2018-01-10 15:10:33,504 - Loaded System Directive: org.apache.velocity.runtime.directive.Foreach
2018-01-10 15:10:33,575 - Created: 20 parsers.
2018-01-10 15:10:33,596 - Velocimacro : initialization starting.
2018-01-10 15:10:33,597 - Velocimacro : adding VMs from VM library template : VM_global_library.vm
2018-01-10 15:10:33,621 - ResourceManager : unable to find resource 'VM_global_library.vm' in any resource loader.
2018-01-10 15:10:33,621 - Velocimacro : error using  VM library template VM_global_library.vm : org.apache.velocity.exception.ResourceNotFoundException: Unable to find resource 'VM_global_library.vm'
2018-01-10 15:10:33,621 - Velocimacro :  VM library template macro registration complete.
2018-01-10 15:10:33,621 - Velocimacro : allowInline = true : VMs can be defined inline in templates
2018-01-10 15:10:33,622 - Velocimacro : allowInlineToOverride = false : VMs defined inline may NOT replace previous VM definitions
2018-01-10 15:10:33,622 - Velocimacro : allowInlineLocal = false : VMs defined inline will be  global in scope if allowed.
2018-01-10 15:10:33,622 - Velocimacro : messages on  : VM system will output logging messages
2018-01-10 15:10:33,622 - Velocimacro : autoload off  : VM system will not automatically reload global library macros
2018-01-10 15:10:33,622 - Velocimacro : initialization complete.
2018-01-10 15:10:33,622 - Velocity successfully started.
2018-01-10 15:12:21,828 - SimpleLog4JLogSystem initialized using logfile 'velocity.log'
2018-01-10 15:12:21,829 - ************************************************************** 
2018-01-10 15:12:21,829 - Starting Jakarta Velocity v1.4
2018-01-10 15:12:21,829 - RuntimeInstance initializing.
2018-01-10 15:12:21,829 - Default Properties File: org\apache\velocity\runtime\defaults\velocity.properties
2018-01-10 15:12:21,829 - Trying to use logger class org.apache.velocity.runtime.log.SimpleLog4JLogSystem
2018-01-10 15:12:21,829 - Using logger class org.apache.velocity.runtime.log.SimpleLog4JLogSystem
2018-01-10 15:12:21,839 - Default ResourceManager initializing. (class org.apache.velocity.runtime.resource.ResourceManagerImpl)
2018-01-10 15:12:21,847 - Resource Loader Instantiated: org.apache.velocity.runtime.resource.loader.ClasspathResourceLoader
2018-01-10 15:12:21,847 - ClasspathResourceLoader : initialization starting.
2018-01-10 15:12:21,847 - ClasspathResourceLoader : initialization complete.
2018-01-10 15:12:21,853 - ResourceCache : initialized. (class org.apache.velocity.runtime.resource.ResourceCacheImpl)
2018-01-10 15:12:21,853 - Default ResourceManager initialization complete.
2018-01-10 15:12:21,863 - Loaded System Directive: org.apache.velocity.runtime.directive.Literal
2018-01-10 15:12:21,869 - Loaded System Directive: org.apache.velocity.runtime.directive.Macro
2018-01-10 15:12:21,876 - Loaded System Directive: org.apache.velocity.runtime.directive.Parse
2018-01-10 15:12:21,881 - Loaded System Directive: org.apache.velocity.runtime.directive.Include
2018-01-10 15:12:21,884 - Loaded System Directive: org.apache.velocity.runtime.directive.Foreach
2018-01-10 15:12:21,955 - Created: 20 parsers.
2018-01-10 15:12:21,980 - Velocimacro : initialization starting.
2018-01-10 15:12:21,980 - Velocimacro : adding VMs from VM library template : VM_global_library.vm
2018-01-10 15:12:22,004 - ResourceManager : unable to find resource 'VM_global_library.vm' in any resource loader.
2018-01-10 15:12:22,005 - Velocimacro : error using  VM library template VM_global_library.vm : org.apache.velocity.exception.ResourceNotFoundException: Unable to find resource 'VM_global_library.vm'
2018-01-10 15:12:22,005 - Velocimacro :  VM library template macro registration complete.
2018-01-10 15:12:22,005 - Velocimacro : allowInline = true : VMs can be defined inline in templates
2018-01-10 15:12:22,005 - Velocimacro : allowInlineToOverride = false : VMs defined inline may NOT replace previous VM definitions
2018-01-10 15:12:22,005 - Velocimacro : allowInlineLocal = false : VMs defined inline will be  global in scope if allowed.
2018-01-10 15:12:22,006 - Velocimacro : messages on  : VM system will output logging messages
2018-01-10 15:12:22,006 - Velocimacro : autoload off  : VM system will not automatically reload global library macros
2018-01-10 15:12:22,006 - Velocimacro : initialization complete.
2018-01-10 15:12:22,006 - Velocity successfully started.
2018-01-10 15:14:12,865 - SimpleLog4JLogSystem initialized using logfile 'velocity.log'
2018-01-10 15:14:12,866 - ************************************************************** 
2018-01-10 15:14:12,867 - Starting Jakarta Velocity v1.4
2018-01-10 15:14:12,867 - RuntimeInstance initializing.
2018-01-10 15:14:12,867 - Default Properties File: org\apache\velocity\runtime\defaults\velocity.properties
2018-01-10 15:14:12,867 - Trying to use logger class org.apache.velocity.runtime.log.SimpleLog4JLogSystem
2018-01-10 15:14:12,867 - Using logger class org.apache.velocity.runtime.log.SimpleLog4JLogSystem
2018-01-10 15:14:12,878 - Default ResourceManager initializing. (class org.apache.velocity.runtime.resource.ResourceManagerImpl)
2018-01-10 15:14:12,887 - Resource Loader Instantiated: org.apache.velocity.runtime.resource.loader.ClasspathResourceLoader
2018-01-10 15:14:12,887 - ClasspathResourceLoader : initialization starting.
2018-01-10 15:14:12,887 - ClasspathResourceLoader : initialization complete.
2018-01-10 15:14:12,893 - ResourceCache : initialized. (class org.apache.velocity.runtime.resource.ResourceCacheImpl)
2018-01-10 15:14:12,893 - Default ResourceManager initialization complete.
2018-01-10 15:14:12,902 - Loaded System Directive: org.apache.velocity.runtime.directive.Literal
2018-01-10 15:14:12,907 - Loaded System Directive: org.apache.velocity.runtime.directive.Macro
2018-01-10 15:14:12,915 - Loaded System Directive: org.apache.velocity.runtime.directive.Parse
2018-01-10 15:14:12,918 - Loaded System Directive: org.apache.velocity.runtime.directive.Include
2018-01-10 15:14:12,921 - Loaded System Directive: org.apache.velocity.runtime.directive.Foreach
2018-01-10 15:14:12,980 - Created: 20 parsers.
2018-01-10 15:14:13,004 - Velocimacro : initialization starting.
2018-01-10 15:14:13,005 - Velocimacro : adding VMs from VM library template : VM_global_library.vm
2018-01-10 15:14:13,031 - ResourceManager : unable to find resource 'VM_global_library.vm' in any resource loader.
2018-01-10 15:14:13,031 - Velocimacro : error using  VM library template VM_global_library.vm : org.apache.velocity.exception.ResourceNotFoundException: Unable to find resource 'VM_global_library.vm'
2018-01-10 15:14:13,031 - Velocimacro :  VM library template macro registration complete.
2018-01-10 15:14:13,032 - Velocimacro : allowInline = true : VMs can be defined inline in templates
2018-01-10 15:14:13,032 - Velocimacro : allowInlineToOverride = false : VMs defined inline may NOT replace previous VM definitions
2018-01-10 15:14:13,032 - Velocimacro : allowInlineLocal = false : VMs defined inline will be  global in scope if allowed.
2018-01-10 15:14:13,032 - Velocimacro : messages on  : VM system will output logging messages
2018-01-10 15:14:13,032 - Velocimacro : autoload off  : VM system will not automatically reload global library macros
2018-01-10 15:14:13,032 - Velocimacro : initialization complete.
2018-01-10 15:14:13,032 - Velocity successfully started.
2018-01-15 13:07:36,660 - SimpleLog4JLogSystem initialized using logfile 'velocity.log'
2018-01-15 13:07:36,666 - ************************************************************** 
2018-01-15 13:07:36,666 - Starting Jakarta Velocity v1.4
2018-01-15 13:07:36,666 - RuntimeInstance initializing.
2018-01-15 13:07:36,666 - Default Properties File: org\apache\velocity\runtime\defaults\velocity.properties
2018-01-15 13:07:36,666 - Trying to use logger class org.apache.velocity.runtime.log.SimpleLog4JLogSystem
2018-01-15 13:07:36,666 - Using logger class org.apache.velocity.runtime.log.SimpleLog4JLogSystem
2018-01-15 13:07:36,672 - Default ResourceManager initializing. (class org.apache.velocity.runtime.resource.ResourceManagerImpl)
2018-01-15 13:07:36,687 - Resource Loader Instantiated: org.apache.velocity.runtime.resource.loader.ClasspathResourceLoader
2018-01-15 13:07:36,687 - ClasspathResourceLoader : initialization starting.
2018-01-15 13:07:36,687 - ClasspathResourceLoader : initialization complete.
2018-01-15 13:07:36,692 - ResourceCache : initialized. (class org.apache.velocity.runtime.resource.ResourceCacheImpl)
2018-01-15 13:07:36,692 - Default ResourceManager initialization complete.
2018-01-15 13:07:36,701 - Loaded System Directive: org.apache.velocity.runtime.directive.Literal
2018-01-15 13:07:36,706 - Loaded System Directive: org.apache.velocity.runtime.directive.Macro
2018-01-15 13:07:36,713 - Loaded System Directive: org.apache.velocity.runtime.directive.Parse
2018-01-15 13:07:36,720 - Loaded System Directive: org.apache.velocity.runtime.directive.Include
2018-01-15 13:07:36,723 - Loaded System Directive: org.apache.velocity.runtime.directive.Foreach
2018-01-15 13:07:36,817 - Created: 20 parsers.
2018-01-15 13:07:36,841 - Velocimacro : initialization starting.
2018-01-15 13:07:36,841 - Velocimacro : adding VMs from VM library template : VM_global_library.vm
2018-01-15 13:07:36,868 - ResourceManager : unable to find resource 'VM_global_library.vm' in any resource loader.
2018-01-15 13:07:36,868 - Velocimacro : error using  VM library template VM_global_library.vm : org.apache.velocity.exception.ResourceNotFoundException: Unable to find resource 'VM_global_library.vm'
2018-01-15 13:07:36,868 - Velocimacro :  VM library template macro registration complete.
2018-01-15 13:07:36,868 - Velocimacro : allowInline = true : VMs can be defined inline in templates
2018-01-15 13:07:36,868 - Velocimacro : allowInlineToOverride = false : VMs defined inline may NOT replace previous VM definitions
2018-01-15 13:07:36,868 - Velocimacro : allowInlineLocal = false : VMs defined inline will be  global in scope if allowed.
2018-01-15 13:07:36,868 - Velocimacro : messages on  : VM system will output logging messages
2018-01-15 13:07:36,868 - Velocimacro : autoload off  : VM system will not automatically reload global library macros
2018-01-15 13:07:36,868 - Velocimacro : initialization complete.
2018-01-15 13:07:36,869 - Velocity successfully started.
2018-01-15 13:09:28,060 - SimpleLog4JLogSystem initialized using logfile 'velocity.log'
2018-01-15 13:09:28,061 - ************************************************************** 
2018-01-15 13:09:28,061 - Starting Jakarta Velocity v1.4
2018-01-15 13:09:28,061 - RuntimeInstance initializing.
2018-01-15 13:09:28,061 - Default Properties File: org\apache\velocity\runtime\defaults\velocity.properties
2018-01-15 13:09:28,061 - Trying to use logger class org.apache.velocity.runtime.log.SimpleLog4JLogSystem
2018-01-15 13:09:28,062 - Using logger class org.apache.velocity.runtime.log.SimpleLog4JLogSystem
2018-01-15 13:09:28,068 - Default ResourceManager initializing. (class org.apache.velocity.runtime.resource.ResourceManagerImpl)
2018-01-15 13:09:28,074 - Resource Loader Instantiated: org.apache.velocity.runtime.resource.loader.ClasspathResourceLoader
2018-01-15 13:09:28,074 - ClasspathResourceLoader : initialization starting.
2018-01-15 13:09:28,074 - ClasspathResourceLoader : initialization complete.
2018-01-15 13:09:28,077 - ResourceCache : initialized. (class org.apache.velocity.runtime.resource.ResourceCacheImpl)
2018-01-15 13:09:28,077 - Default ResourceManager initialization complete.
2018-01-15 13:09:28,084 - Loaded System Directive: org.apache.velocity.runtime.directive.Literal
2018-01-15 13:09:28,088 - Loaded System Directive: org.apache.velocity.runtime.directive.Macro
2018-01-15 13:09:28,096 - Loaded System Directive: org.apache.velocity.runtime.directive.Parse
2018-01-15 13:09:28,102 - Loaded System Directive: org.apache.velocity.runtime.directive.Include
2018-01-15 13:09:28,106 - Loaded System Directive: org.apache.velocity.runtime.directive.Foreach
2018-01-15 13:09:28,181 - Created: 20 parsers.
2018-01-15 13:09:28,206 - Velocimacro : initialization starting.
2018-01-15 13:09:28,206 - Velocimacro : adding VMs from VM library template : VM_global_library.vm
2018-01-15 13:09:28,236 - ResourceManager : unable to find resource 'VM_global_library.vm' in any resource loader.
2018-01-15 13:09:28,237 - Velocimacro : error using  VM library template VM_global_library.vm : org.apache.velocity.exception.ResourceNotFoundException: Unable to find resource 'VM_global_library.vm'
2018-01-15 13:09:28,237 - Velocimacro :  VM library template macro registration complete.
2018-01-15 13:09:28,237 - Velocimacro : allowInline = true : VMs can be defined inline in templates
2018-01-15 13:09:28,237 - Velocimacro : allowInlineToOverride = false : VMs defined inline may NOT replace previous VM definitions
2018-01-15 13:09:28,237 - Velocimacro : allowInlineLocal = false : VMs defined inline will be  global in scope if allowed.
2018-01-15 13:09:28,237 - Velocimacro : messages on  : VM system will output logging messages
2018-01-15 13:09:28,237 - Velocimacro : autoload off  : VM system will not automatically reload global library macros
2018-01-15 13:09:28,237 - Velocimacro : initialization complete.
2018-01-15 13:09:28,237 - Velocity successfully started.
2018-01-15 13:11:57,603 - SimpleLog4JLogSystem initialized using logfile 'velocity.log'
2018-01-15 13:11:57,604 - ************************************************************** 
2018-01-15 13:11:57,604 - Starting Jakarta Velocity v1.4
2018-01-15 13:11:57,604 - RuntimeInstance initializing.
2018-01-15 13:11:57,605 - Default Properties File: org\apache\velocity\runtime\defaults\velocity.properties
2018-01-15 13:11:57,605 - Trying to use logger class org.apache.velocity.runtime.log.SimpleLog4JLogSystem
2018-01-15 13:11:57,605 - Using logger class org.apache.velocity.runtime.log.SimpleLog4JLogSystem
2018-01-15 13:11:57,615 - Default ResourceManager initializing. (class org.apache.velocity.runtime.resource.ResourceManagerImpl)
2018-01-15 13:11:57,620 - Resource Loader Instantiated: org.apache.velocity.runtime.resource.loader.ClasspathResourceLoader
2018-01-15 13:11:57,620 - ClasspathResourceLoader : initialization starting.
2018-01-15 13:11:57,620 - ClasspathResourceLoader : initialization complete.
2018-01-15 13:11:57,624 - ResourceCache : initialized. (class org.apache.velocity.runtime.resource.ResourceCacheImpl)
2018-01-15 13:11:57,624 - Default ResourceManager initialization complete.
2018-01-15 13:11:57,630 - Loaded System Directive: org.apache.velocity.runtime.directive.Literal
2018-01-15 13:11:57,634 - Loaded System Directive: org.apache.velocity.runtime.directive.Macro
2018-01-15 13:11:57,640 - Loaded System Directive: org.apache.velocity.runtime.directive.Parse
2018-01-15 13:11:57,645 - Loaded System Directive: org.apache.velocity.runtime.directive.Include
2018-01-15 13:11:57,649 - Loaded System Directive: org.apache.velocity.runtime.directive.Foreach
2018-01-15 13:11:57,705 - Created: 20 parsers.
2018-01-15 13:11:57,718 - Velocimacro : initialization starting.
2018-01-15 13:11:57,719 - Velocimacro : adding VMs from VM library template : VM_global_library.vm
2018-01-15 13:11:57,739 - ResourceManager : unable to find resource 'VM_global_library.vm' in any resource loader.
2018-01-15 13:11:57,739 - Velocimacro : error using  VM library template VM_global_library.vm : org.apache.velocity.exception.ResourceNotFoundException: Unable to find resource 'VM_global_library.vm'
2018-01-15 13:11:57,739 - Velocimacro :  VM library template macro registration complete.
2018-01-15 13:11:57,739 - Velocimacro : allowInline = true : VMs can be defined inline in templates
2018-01-15 13:11:57,739 - Velocimacro : allowInlineToOverride = false : VMs defined inline may NOT replace previous VM definitions
2018-01-15 13:11:57,739 - Velocimacro : allowInlineLocal = false : VMs defined inline will be  global in scope if allowed.
2018-01-15 13:11:57,739 - Velocimacro : messages on  : VM system will output logging messages
2018-01-15 13:11:57,739 - Velocimacro : autoload off  : VM system will not automatically reload global library macros
2018-01-15 13:11:57,739 - Velocimacro : initialization complete.
2018-01-15 13:11:57,739 - Velocity successfully started.
2018-01-15 13:13:30,563 - SimpleLog4JLogSystem initialized using logfile 'velocity.log'
2018-01-15 13:13:30,564 - ************************************************************** 
2018-01-15 13:13:30,564 - Starting Jakarta Velocity v1.4
2018-01-15 13:13:30,564 - RuntimeInstance initializing.
2018-01-15 13:13:30,564 - Default Properties File: org\apache\velocity\runtime\defaults\velocity.properties
2018-01-15 13:13:30,564 - Trying to use logger class org.apache.velocity.runtime.log.SimpleLog4JLogSystem
2018-01-15 13:13:30,564 - Using logger class org.apache.velocity.runtime.log.SimpleLog4JLogSystem
2018-01-15 13:13:30,570 - Default ResourceManager initializing. (class org.apache.velocity.runtime.resource.ResourceManagerImpl)
2018-01-15 13:13:30,575 - Resource Loader Instantiated: org.apache.velocity.runtime.resource.loader.ClasspathResourceLoader
2018-01-15 13:13:30,575 - ClasspathResourceLoader : initialization starting.
2018-01-15 13:13:30,575 - ClasspathResourceLoader : initialization complete.
2018-01-15 13:13:30,580 - ResourceCache : initialized. (class org.apache.velocity.runtime.resource.ResourceCacheImpl)
2018-01-15 13:13:30,580 - Default ResourceManager initialization complete.
2018-01-15 13:13:30,588 - Loaded System Directive: org.apache.velocity.runtime.directive.Literal
2018-01-15 13:13:30,593 - Loaded System Directive: org.apache.velocity.runtime.directive.Macro
2018-01-15 13:13:30,601 - Loaded System Directive: org.apache.velocity.runtime.directive.Parse
2018-01-15 13:13:30,608 - Loaded System Directive: org.apache.velocity.runtime.directive.Include
2018-01-15 13:13:30,610 - Loaded System Directive: org.apache.velocity.runtime.directive.Foreach
2018-01-15 13:13:30,661 - Created: 20 parsers.
2018-01-15 13:13:30,675 - Velocimacro : initialization starting.
2018-01-15 13:13:30,675 - Velocimacro : adding VMs from VM library template : VM_global_library.vm
2018-01-15 13:13:30,696 - ResourceManager : unable to find resource 'VM_global_library.vm' in any resource loader.
2018-01-15 13:13:30,697 - Velocimacro : error using  VM library template VM_global_library.vm : org.apache.velocity.exception.ResourceNotFoundException: Unable to find resource 'VM_global_library.vm'
2018-01-15 13:13:30,697 - Velocimacro :  VM library template macro registration complete.
2018-01-15 13:13:30,697 - Velocimacro : allowInline = true : VMs can be defined inline in templates
2018-01-15 13:13:30,697 - Velocimacro : allowInlineToOverride = false : VMs defined inline may NOT replace previous VM definitions
2018-01-15 13:13:30,697 - Velocimacro : allowInlineLocal = false : VMs defined inline will be  global in scope if allowed.
2018-01-15 13:13:30,697 - Velocimacro : messages on  : VM system will output logging messages
2018-01-15 13:13:30,697 - Velocimacro : autoload off  : VM system will not automatically reload global library macros
2018-01-15 13:13:30,697 - Velocimacro : initialization complete.
2018-01-15 13:13:30,697 - Velocity successfully started.
2018-01-17 09:59:36,400 - SimpleLog4JLogSystem initialized using logfile 'velocity.log'
2018-01-17 09:59:36,401 - ************************************************************** 
2018-01-17 09:59:36,401 - Starting Jakarta Velocity v1.4
2018-01-17 09:59:36,401 - RuntimeInstance initializing.
2018-01-17 09:59:36,401 - Default Properties File: org\apache\velocity\runtime\defaults\velocity.properties
2018-01-17 09:59:36,401 - Trying to use logger class org.apache.velocity.runtime.log.SimpleLog4JLogSystem
2018-01-17 09:59:36,401 - Using logger class org.apache.velocity.runtime.log.SimpleLog4JLogSystem
2018-01-17 09:59:36,411 - Default ResourceManager initializing. (class org.apache.velocity.runtime.resource.ResourceManagerImpl)
2018-01-17 09:59:36,423 - Resource Loader Instantiated: org.apache.velocity.runtime.resource.loader.ClasspathResourceLoader
2018-01-17 09:59:36,423 - ClasspathResourceLoader : initialization starting.
2018-01-17 09:59:36,423 - ClasspathResourceLoader : initialization complete.
2018-01-17 09:59:36,429 - ResourceCache : initialized. (class org.apache.velocity.runtime.resource.ResourceCacheImpl)
2018-01-17 09:59:36,429 - Default ResourceManager initialization complete.
2018-01-17 09:59:36,438 - Loaded System Directive: org.apache.velocity.runtime.directive.Literal
2018-01-17 09:59:36,443 - Loaded System Directive: org.apache.velocity.runtime.directive.Macro
2018-01-17 09:59:36,451 - Loaded System Directive: org.apache.velocity.runtime.directive.Parse
2018-01-17 09:59:36,457 - Loaded System Directive: org.apache.velocity.runtime.directive.Include
2018-01-17 09:59:36,460 - Loaded System Directive: org.apache.velocity.runtime.directive.Foreach
2018-01-17 09:59:36,527 - Created: 20 parsers.
2018-01-17 09:59:36,551 - Velocimacro : initialization starting.
2018-01-17 09:59:36,551 - Velocimacro : adding VMs from VM library template : VM_global_library.vm
2018-01-17 09:59:36,571 - ResourceManager : unable to find resource 'VM_global_library.vm' in any resource loader.
2018-01-17 09:59:36,571 - Velocimacro : error using  VM library template VM_global_library.vm : org.apache.velocity.exception.ResourceNotFoundException: Unable to find resource 'VM_global_library.vm'
2018-01-17 09:59:36,571 - Velocimacro :  VM library template macro registration complete.
2018-01-17 09:59:36,571 - Velocimacro : allowInline = true : VMs can be defined inline in templates
2018-01-17 09:59:36,571 - Velocimacro : allowInlineToOverride = false : VMs defined inline may NOT replace previous VM definitions
2018-01-17 09:59:36,571 - Velocimacro : allowInlineLocal = false : VMs defined inline will be  global in scope if allowed.
2018-01-17 09:59:36,571 - Velocimacro : messages on  : VM system will output logging messages
2018-01-17 09:59:36,571 - Velocimacro : autoload off  : VM system will not automatically reload global library macros
2018-01-17 09:59:36,571 - Velocimacro : initialization complete.
2018-01-17 09:59:36,571 - Velocity successfully started.
